CRITICAL - 2023-02-13 12:16:35 --> The framework needs the following extension(s) installed and loaded: intl, mbstring.
in SYSTEMPATH\CodeIgniter.php on line 226.
 1 SYSTEMPATH\CodeIgniter.php(226): CodeIgniter\Exceptions\FrameworkException::forMissingExtension()
 2 SYSTEMPATH\CodeIgniter.php(190): CodeIgniter\CodeIgniter->resolvePlatformExtensions()
 3 ROOTPATH\spark(83): CodeIgniter\CodeIgniter->initialize()
CRITICAL - 2023-02-13 12:16:36 --> Uncaught Error: Call to undefined function CodeIgniter\CLI\mb_strpos() in D:\AZA2\Install\Open Server izvlechenie\OpenServerOld\domains\localhost\codeigniter\system\CLI\CLI.php:872
Stack trace:
#0 D:\AZA2\Install\Open Server izvlechenie\OpenServerOld\domains\localhost\codeigniter\system\CLI\CLI.php(161): CodeIgniter\CLI\CLI::parseCommandLine()
#1 D:\AZA2\Install\Open Server izvlechenie\OpenServerOld\domains\localhost\codeigniter\system\CLI\CLI.php(1115): CodeIgniter\CLI\CLI::init()
#2 D:\AZA2\Install\Open Server izvlechenie\OpenServerOld\domains\localhost\codeigniter\system\Autoloader\Autoloader.php(312): include_once('D:\\AZA2\\Install...')
#3 D:\AZA2\Install\Open Server izvlechenie\OpenServerOld\domains\localhost\codeigniter\system\Autoloader\Autoloader.php(289): CodeIgniter\Autoloader\Autoloader->includeFile()
#4 D:\AZA2\Install\Open Server izvlechenie\OpenServerOld\domains\localhost\codeigniter\system\Autoloader\Autoloader.php(267): CodeIgniter\Autoloader\Autoloader->loadInNamespace()
#5 D:\AZA2\Install\Open Server izvlechenie\OpenServerOld\domains\localhost\codeigniter\app\Views\errors\cli\error_exception.php(6): CodeIgniter\Autoloader\Autoloader->loadClass()
#6 D:\AZA2\Install\Open Server izvlechenie\OpenServerOld\domains\localhost\codeigniter\app\Views\errors\cli\production.php(5): include('D:\\AZA2\\Install...')
#7 D:\AZA2\Install\Open Server izvlechenie\OpenServerOld\domains\localhost\codeigniter\system\Debug\Exceptions.php(266): include('D:\\AZA2\\Install...')
#8 D:\AZA2\Install\Open Server izvlechenie\OpenServerOld\domains\localhost\codeigniter\system\Debug\Exceptions.php(269): CodeIgniter\Debug\Exceptions->CodeIgniter\Debug\{closure}()
#9 D:\AZA2\Install\Open Server izvlechenie\OpenServerOld\domains\localhost\codeigniter\system\Debug\Exceptions.php(147): CodeIgniter\Debug\Exceptions->render()
#10 [internal function]: CodeIgniter\Debug\Exceptions->exceptionHandler()
#11 {main}
  thrown
in SYSTEMPATH\CLI\CLI.php on line 872.
 1 [internal function]: CodeIgniter\Debug\Exceptions->shutdownHandler()
CRITICAL - 2023-02-13 09:33:13 --> Invalid argument supplied for foreach()
in APPPATH\Views\list.php on line 40.
 1 APPPATH\Views\list.php(40): CodeIgniter\Debug\Exceptions->errorHandler()
 2 SYSTEMPATH\View\View.php(213): include('APPPATH\\Views\\list.php')
 3 SYSTEMPATH\View\View.php(216): CodeIgniter\View\View->CodeIgniter\View\{closure}()
 4 SYSTEMPATH\Common.php(1177): CodeIgniter\View\View->render()
 5 APPPATH\Controllers\Product.php(16): view()
 6 SYSTEMPATH\CodeIgniter.php(934): App\Controllers\Product->index()
 7 SYSTEMPATH\CodeIgniter.php(499): CodeIgniter\CodeIgniter->runController()
 8 SYSTEMPATH\CodeIgniter.php(368): CodeIgniter\CodeIgniter->handleRequest()
 9 FCPATH\index.php(67): CodeIgniter\CodeIgniter->run()
CRITICAL - 2023-02-13 09:39:56 --> Invalid argument supplied for foreach()
in APPPATH\Views\list.php on line 40.
 1 APPPATH\Views\list.php(40): CodeIgniter\Debug\Exceptions->errorHandler()
 2 SYSTEMPATH\View\View.php(213): include('APPPATH\\Views\\list.php')
 3 SYSTEMPATH\View\View.php(216): CodeIgniter\View\View->CodeIgniter\View\{closure}()
 4 SYSTEMPATH\Common.php(1177): CodeIgniter\View\View->render()
 5 APPPATH\Controllers\Product.php(16): view()
 6 SYSTEMPATH\CodeIgniter.php(934): App\Controllers\Product->index()
 7 SYSTEMPATH\CodeIgniter.php(499): CodeIgniter\CodeIgniter->runController()
 8 SYSTEMPATH\CodeIgniter.php(368): CodeIgniter\CodeIgniter->handleRequest()
 9 FCPATH\index.php(67): CodeIgniter\CodeIgniter->run()
CRITICAL - 2023-02-13 09:41:37 --> Invalid argument supplied for foreach()
in APPPATH\Views\list.php on line 40.
 1 APPPATH\Views\list.php(40): CodeIgniter\Debug\Exceptions->errorHandler()
 2 SYSTEMPATH\View\View.php(213): include('APPPATH\\Views\\list.php')
 3 SYSTEMPATH\View\View.php(216): CodeIgniter\View\View->CodeIgniter\View\{closure}()
 4 SYSTEMPATH\Common.php(1177): CodeIgniter\View\View->render()
 5 APPPATH\Controllers\Product.php(16): view()
 6 SYSTEMPATH\CodeIgniter.php(934): App\Controllers\Product->index()
 7 SYSTEMPATH\CodeIgniter.php(499): CodeIgniter\CodeIgniter->runController()
 8 SYSTEMPATH\CodeIgniter.php(368): CodeIgniter\CodeIgniter->handleRequest()
 9 FCPATH\index.php(67): CodeIgniter\CodeIgniter->run()
10 SYSTEMPATH\Commands\Server\rewrite.php(47): require_once('FCPATH\\index.php')
CRITICAL - 2023-02-13 09:41:54 --> Invalid argument supplied for foreach()
in APPPATH\Views\list.php on line 40.
 1 APPPATH\Views\list.php(40): CodeIgniter\Debug\Exceptions->errorHandler()
 2 SYSTEMPATH\View\View.php(213): include('APPPATH\\Views\\list.php')
 3 SYSTEMPATH\View\View.php(216): CodeIgniter\View\View->CodeIgniter\View\{closure}()
 4 SYSTEMPATH\Common.php(1177): CodeIgniter\View\View->render()
 5 APPPATH\Controllers\Product.php(16): view()
 6 SYSTEMPATH\CodeIgniter.php(934): App\Controllers\Product->index()
 7 SYSTEMPATH\CodeIgniter.php(499): CodeIgniter\CodeIgniter->runController()
 8 SYSTEMPATH\CodeIgniter.php(368): CodeIgniter\CodeIgniter->handleRequest()
 9 FCPATH\index.php(67): CodeIgniter\CodeIgniter->run()
10 SYSTEMPATH\Commands\Server\rewrite.php(47): require_once('FCPATH\\index.php')
CRITICAL - 2023-02-13 09:42:14 --> Invalid argument supplied for foreach()
in APPPATH\Views\list.php on line 40.
 1 APPPATH\Views\list.php(40): CodeIgniter\Debug\Exceptions->errorHandler()
 2 SYSTEMPATH\View\View.php(213): include('APPPATH\\Views\\list.php')
 3 SYSTEMPATH\View\View.php(216): CodeIgniter\View\View->CodeIgniter\View\{closure}()
 4 SYSTEMPATH\Common.php(1177): CodeIgniter\View\View->render()
 5 APPPATH\Controllers\Product.php(16): view()
 6 SYSTEMPATH\CodeIgniter.php(934): App\Controllers\Product->index()
 7 SYSTEMPATH\CodeIgniter.php(499): CodeIgniter\CodeIgniter->runController()
 8 SYSTEMPATH\CodeIgniter.php(368): CodeIgniter\CodeIgniter->handleRequest()
 9 FCPATH\index.php(67): CodeIgniter\CodeIgniter->run()
10 SYSTEMPATH\Commands\Server\rewrite.php(47): require_once('FCPATH\\index.php')
CRITICAL - 2023-02-13 09:47:00 --> Invalid argument supplied for foreach()
in APPPATH\Views\list.php on line 40.
 1 APPPATH\Views\list.php(40): CodeIgniter\Debug\Exceptions->errorHandler()
 2 SYSTEMPATH\View\View.php(213): include('APPPATH\\Views\\list.php')
 3 SYSTEMPATH\View\View.php(216): CodeIgniter\View\View->CodeIgniter\View\{closure}()
 4 SYSTEMPATH\Common.php(1177): CodeIgniter\View\View->render()
 5 APPPATH\Controllers\Product.php(16): view()
 6 SYSTEMPATH\CodeIgniter.php(934): App\Controllers\Product->index()
 7 SYSTEMPATH\CodeIgniter.php(499): CodeIgniter\CodeIgniter->runController()
 8 SYSTEMPATH\CodeIgniter.php(368): CodeIgniter\CodeIgniter->handleRequest()
 9 FCPATH\index.php(67): CodeIgniter\CodeIgniter->run()
10 SYSTEMPATH\Commands\Server\rewrite.php(47): require_once('FCPATH\\index.php')
CRITICAL - 2023-02-13 09:58:35 --> Invalid argument supplied for foreach()
in APPPATH\Views\list.php on line 40.
 1 APPPATH\Views\list.php(40): CodeIgniter\Debug\Exceptions->errorHandler()
 2 SYSTEMPATH\View\View.php(213): include('APPPATH\\Views\\list.php')
 3 SYSTEMPATH\View\View.php(216): CodeIgniter\View\View->CodeIgniter\View\{closure}()
 4 SYSTEMPATH\Common.php(1177): CodeIgniter\View\View->render()
 5 APPPATH\Controllers\Product.php(16): view()
 6 SYSTEMPATH\CodeIgniter.php(934): App\Controllers\Product->index()
 7 SYSTEMPATH\CodeIgniter.php(499): CodeIgniter\CodeIgniter->runController()
 8 SYSTEMPATH\CodeIgniter.php(368): CodeIgniter\CodeIgniter->handleRequest()
 9 FCPATH\index.php(67): CodeIgniter\CodeIgniter->run()
10 SYSTEMPATH\Commands\Server\rewrite.php(47): require_once('FCPATH\\index.php')
CRITICAL - 2023-02-13 10:06:01 --> Undefined variable: students_detail
in APPPATH\Views\list.php on line 40.
 1 APPPATH\Views\list.php(40): CodeIgniter\Debug\Exceptions->errorHandler()
 2 SYSTEMPATH\View\View.php(213): include('APPPATH\\Views\\list.php')
 3 SYSTEMPATH\View\View.php(216): CodeIgniter\View\View->CodeIgniter\View\{closure}()
 4 SYSTEMPATH\Common.php(1177): CodeIgniter\View\View->render()
 5 APPPATH\Controllers\Product.php(16): view()
 6 SYSTEMPATH\CodeIgniter.php(934): App\Controllers\Product->index()
 7 SYSTEMPATH\CodeIgniter.php(499): CodeIgniter\CodeIgniter->runController()
 8 SYSTEMPATH\CodeIgniter.php(368): CodeIgniter\CodeIgniter->handleRequest()
 9 FCPATH\index.php(67): CodeIgniter\CodeIgniter->run()
10 SYSTEMPATH\Commands\Server\rewrite.php(47): require_once('FCPATH\\index.php')
CRITICAL - 2023-02-13 10:19:06 --> Class 'App\Models\StudentModel' not found
in APPPATH\Controllers\Product.php on line 12.
 1 SYSTEMPATH\CodeIgniter.php(934): App\Controllers\Product->index()
 2 SYSTEMPATH\CodeIgniter.php(499): CodeIgniter\CodeIgniter->runController()
 3 SYSTEMPATH\CodeIgniter.php(368): CodeIgniter\CodeIgniter->handleRequest()
 4 FCPATH\index.php(67): CodeIgniter\CodeIgniter->run()
 5 SYSTEMPATH\Commands\Server\rewrite.php(47): require_once('FCPATH\\index.php')
CRITICAL - 2023-02-13 10:19:19 --> Class 'App\Controllers\ProductModel' not found
in APPPATH\Controllers\Product.php on line 12.
 1 SYSTEMPATH\CodeIgniter.php(934): App\Controllers\Product->index()
 2 SYSTEMPATH\CodeIgniter.php(499): CodeIgniter\CodeIgniter->runController()
 3 SYSTEMPATH\CodeIgniter.php(368): CodeIgniter\CodeIgniter->handleRequest()
 4 FCPATH\index.php(67): CodeIgniter\CodeIgniter->run()
 5 SYSTEMPATH\Commands\Server\rewrite.php(47): require_once('FCPATH\\index.php')
CRITICAL - 2023-02-13 10:19:56 --> Class 'App\Controllers\ProductModel' not found
in APPPATH\Controllers\Product.php on line 12.
 1 SYSTEMPATH\CodeIgniter.php(934): App\Controllers\Product->index()
 2 SYSTEMPATH\CodeIgniter.php(499): CodeIgniter\CodeIgniter->runController()
 3 SYSTEMPATH\CodeIgniter.php(368): CodeIgniter\CodeIgniter->handleRequest()
 4 FCPATH\index.php(67): CodeIgniter\CodeIgniter->run()
 5 SYSTEMPATH\Commands\Server\rewrite.php(47): require_once('FCPATH\\index.php')
CRITICAL - 2023-02-13 10:20:31 --> Class 'App\Controllers\ProductModel' not found
in APPPATH\Controllers\Product.php on line 12.
 1 SYSTEMPATH\CodeIgniter.php(934): App\Controllers\Product->index()
 2 SYSTEMPATH\CodeIgniter.php(499): CodeIgniter\CodeIgniter->runController()
 3 SYSTEMPATH\CodeIgniter.php(368): CodeIgniter\CodeIgniter->handleRequest()
 4 FCPATH\index.php(67): CodeIgniter\CodeIgniter->run()
 5 SYSTEMPATH\Commands\Server\rewrite.php(47): require_once('FCPATH\\index.php')
